2007-04-11 16:53:56,152 [10] ERROR edu.uwec.cs.cs355.group4.et.ui.ContestDisplay [(null)] - Persist
NHibernate.NonUniqueObjectException: a different object with the same identifier value was already associated with the session: 111, of class: edu.uwec.cs.cs355.group4.et.core.ContestCounty
   at NHibernate.Impl.SessionImpl.CheckUniqueness(EntityKey key, Object obj)
   at NHibernate.Impl.SessionImpl.DoUpdateMutable(Object obj, Object id, IEntityPersister persister)
   at NHibernate.Impl.SessionImpl.DoUpdate(Object obj, Object id, IEntityPersister persister)
   at NHibernate.Impl.SessionImpl.SaveOrUpdate(Object obj)
   at edu.uwec.cs.cs355.group4.et.db.HibernateDAO`1.makePersistent(T entity) in C:\Documents and Settings\dlotts\My Documents\Visual Studio 2005\Projects\cs355\ET\db\HibernateDAO.cs:line 47
   at edu.uwec.cs.cs355.group4.et.ui.ContestDisplay.Persist() in C:\Documents and Settings\dlotts\My Documents\Visual Studio 2005\Projects\cs355\ET\ui\ContestDisplay.cs:line 87
2007-04-11 16:53:56,792 [10] ERROR edu.uwec.cs.cs355.group4.et.ui.ContestDisplay [(null)] - Persist
NHibernate.NonUniqueObjectException: a different object with the same identifier value was already associated with the session: 117, of class: edu.uwec.cs.cs355.group4.et.core.ContestCounty
   at NHibernate.Impl.SessionImpl.CheckUniqueness(EntityKey key, Object obj)
   at NHibernate.Impl.SessionImpl.DoUpdateMutable(Object obj, Object id, IEntityPersister persister)
   at NHibernate.Impl.SessionImpl.DoUpdate(Object obj, Object id, IEntityPersister persister)
   at NHibernate.Impl.SessionImpl.SaveOrUpdate(Object obj)
   at edu.uwec.cs.cs355.group4.et.db.HibernateDAO`1.makePersistent(T entity) in C:\Documents and Settings\dlotts\My Documents\Visual Studio 2005\Projects\cs355\ET\db\HibernateDAO.cs:line 47
   at edu.uwec.cs.cs355.group4.et.ui.ContestDisplay.Persist() in C:\Documents and Settings\dlotts\My Documents\Visual Studio 2005\Projects\cs355\ET\ui\ContestDisplay.cs:line 87
2007-04-11 17:00:08,386 [10] ERROR edu.uwec.cs.cs355.group4.et.ui.ContestDisplay [(null)] - Persist
NHibernate.NonUniqueObjectException: a different object with the same identifier value was already associated with the session: 1, of class: edu.uwec.cs.cs355.group4.et.core.ResponseValue
   at NHibernate.Impl.SessionImpl.CheckUniqueness(EntityKey key, Object obj)
   at NHibernate.Impl.SessionImpl.DoUpdateMutable(Object obj, Object id, IEntityPersister persister)
   at NHibernate.Impl.SessionImpl.DoUpdate(Object obj, Object id, IEntityPersister persister)
   at NHibernate.Impl.SessionImpl.SaveOrUpdate(Object obj)
   at edu.uwec.cs.cs355.group4.et.db.HibernateDAO`1.makePersistent(T entity) in C:\Documents and Settings\dlotts\My Documents\Visual Studio 2005\Projects\cs355\ET\db\HibernateDAO.cs:line 47
   at edu.uwec.cs.cs355.group4.et.ui.ContestDisplay.Persist() in C:\Documents and Settings\dlotts\My Documents\Visual Studio 2005\Projects\cs355\ET\ui\ContestDisplay.cs:line 102
2007-04-11 17:00:11,261 [10] ERROR edu.uwec.cs.cs355.group4.et.ui.ContestDisplay [(null)] - Persist
NHibernate.NonUniqueObjectException: a different object with the same identifier value was already associated with the session: 9, of class: edu.uwec.cs.cs355.group4.et.core.ResponseValue
   at NHibernate.Impl.SessionImpl.CheckUniqueness(EntityKey key, Object obj)
   at NHibernate.Impl.SessionImpl.DoUpdateMutable(Object obj, Object id, IEntityPersister persister)
   at NHibernate.Impl.SessionImpl.DoUpdate(Object obj, Object id, IEntityPersister persister)
   at NHibernate.Impl.SessionImpl.SaveOrUpdate(Object obj)
   at edu.uwec.cs.cs355.group4.et.db.HibernateDAO`1.makePersistent(T entity) in C:\Documents and Settings\dlotts\My Documents\Visual Studio 2005\Projects\cs355\ET\db\HibernateDAO.cs:line 47
   at edu.uwec.cs.cs355.group4.et.ui.ContestDisplay.Persist() in C:\Documents and Settings\dlotts\My Documents\Visual Studio 2005\Projects\cs355\ET\ui\ContestDisplay.cs:line 102
