18:40:53.519 [11] INFO  NHibernate.Cfg.Environment - NHibernate 1.2.0.3001 (1.2.0.3001)
18:40:53.534 [11] INFO  NHibernate.Cfg.Environment - Bytecode provider name : lcg
18:40:53.534 [11] INFO  NHibernate.Cfg.Environment - Using reflection optimizer
18:40:53.534 [11] INFO  NHibernate.Cfg.Configuration - Searching for mapped documents in assembly: edu.uwec.cs.cs355.group4.et
18:40:53.534 [11] INFO  NHibernate.Cfg.Configuration - Found mapping document in assembly: edu.uwec.cs.cs355.group4.et.core.ContestType.hbm.xml
18:40:53.534 [11] INFO  NHibernate.Cfg.Configuration - Mapping resource: edu.uwec.cs.cs355.group4.et.core.ContestType.hbm.xml
18:40:53.613 [11] INFO  NHibernate.Dialect.Dialect - Using dialect: NHibernate.Dialect.MySQLDialect
18:40:53.675 [11] INFO  NHibernate.Cfg.HbmBinder - Mapping class: edu.uwec.cs.cs355.group4.et.core.ContestType -> contesttype
18:40:53.691 [11] DEBUG NHibernate.Cfg.HbmBinder - Mapped property: ID -> ContestTypeID, type: Int64
18:40:53.706 [11] DEBUG NHibernate.Cfg.HbmBinder - Mapped property: Name -> ContestTypeName, type: String
18:40:53.706 [11] INFO  NHibernate.Cfg.Configuration - Found mapping document in assembly: edu.uwec.cs.cs355.group4.et.core.AttributeType.hbm.xml
18:40:53.706 [11] INFO  NHibernate.Cfg.Configuration - Mapping resource: edu.uwec.cs.cs355.group4.et.core.AttributeType.hbm.xml
18:40:53.706 [11] INFO  NHibernate.Dialect.Dialect - Using dialect: NHibernate.Dialect.MySQLDialect
18:40:53.706 [11] INFO  NHibernate.Cfg.HbmBinder - Mapping class: edu.uwec.cs.cs355.group4.et.core.AttributeType -> attributetype
18:40:53.706 [11] DEBUG NHibernate.Cfg.HbmBinder - Mapped property: ID -> AttributeTypeID, type: Int64
18:40:53.706 [11] DEBUG NHibernate.Cfg.HbmBinder - Mapped property: Name -> AttributeTypeName, type: String
18:40:53.706 [11] INFO  NHibernate.Cfg.Configuration - Found mapping document in assembly: edu.uwec.cs.cs355.group4.et.core.Election.hbm.xml
18:40:53.706 [11] INFO  NHibernate.Cfg.Configuration - Mapping resource: edu.uwec.cs.cs355.group4.et.core.Election.hbm.xml
18:40:53.706 [11] INFO  NHibernate.Dialect.Dialect - Using dialect: NHibernate.Dialect.MySQLDialect
18:40:53.706 [11] INFO  NHibernate.Cfg.HbmBinder - Mapping class: edu.uwec.cs.cs355.group4.et.core.Election -> election
18:40:53.706 [11] DEBUG NHibernate.Cfg.HbmBinder - Mapped property: ID -> ElectionID, type: Int64
18:40:53.706 [11] DEBUG NHibernate.Cfg.HbmBinder - Mapped property: Date -> ElectionDate, type: DateTime
18:40:53.706 [11] DEBUG NHibernate.Cfg.HbmBinder - Mapped property: Notes -> ElectionNotes, type: String
18:40:53.706 [11] DEBUG NHibernate.Cfg.HbmBinder - Mapped property: IsActive -> ElectionIsActive, type: Boolean
18:40:53.722 [11] DEBUG NHibernate.Cfg.HbmBinder - Mapped property: ElectionContests, type: IList`1
18:40:53.722 [11] INFO  NHibernate.Cfg.Configuration - Found mapping document in assembly: edu.uwec.cs.cs355.group4.et.core.ContestCounty.hbm.xml
18:40:53.722 [11] INFO  NHibernate.Cfg.Configuration - Mapping resource: edu.uwec.cs.cs355.group4.et.core.ContestCounty.hbm.xml
18:40:53.722 [11] INFO  NHibernate.Dialect.Dialect - Using dialect: NHibernate.Dialect.MySQLDialect
18:40:53.722 [11] INFO  NHibernate.Cfg.HbmBinder - Mapping class: edu.uwec.cs.cs355.group4.et.core.ContestCounty -> contestcounty
18:40:53.722 [11] DEBUG NHibernate.Cfg.HbmBinder - Mapped property: ID -> ContestCountyID, type: Int64
18:40:53.722 [11] DEBUG NHibernate.Cfg.HbmBinder - Mapped property: WardsReporting -> WardsReporting, type: Int32
18:40:53.722 [11] DEBUG NHibernate.Cfg.HbmBinder - Mapped property: WardCount -> WardCount, type: Int32
18:40:53.738 [11] DEBUG NHibernate.Cfg.HbmBinder - Mapped property: County -> CountyID, type: County
18:40:53.738 [11] DEBUG NHibernate.Cfg.HbmBinder - Mapped property: ElectionContest -> ElectionContestID, type: ElectionContest
18:40:53.738 [11] INFO  NHibernate.Cfg.Configuration - Found mapping document in assembly: edu.uwec.cs.cs355.group4.et.core.Contest.hbm.xml
18:40:53.738 [11] INFO  NHibernate.Cfg.Configuration - Mapping resource: edu.uwec.cs.cs355.group4.et.core.Contest.hbm.xml
18:40:53.738 [11] INFO  NHibernate.Dialect.Dialect - Using dialect: NHibernate.Dialect.MySQLDialect
18:40:53.738 [11] INFO  NHibernate.Cfg.HbmBinder - Mapping class: edu.uwec.cs.cs355.group4.et.core.Contest -> contest
18:40:53.738 [11] DEBUG NHibernate.Cfg.HbmBinder - Mapped property: ID -> ContestID, type: Int64
18:40:53.738 [11] DEBUG NHibernate.Cfg.HbmBinder - Mapped property: Name -> ContestName, type: String
18:40:53.738 [11] DEBUG NHibernate.Cfg.HbmBinder - Mapped property: Notes -> ContestNotes, type: String
18:40:53.738 [11] DEBUG NHibernate.Cfg.HbmBinder - Mapped property: ContestType -> ContestTypeID, type: ContestType
18:40:53.738 [11] DEBUG NHibernate.Cfg.HbmBinder - Mapped property: IsActive -> ContestIsActive, type: Boolean
18:40:53.738 [11] INFO  NHibernate.Cfg.Configuration - Found mapping document in assembly: edu.uwec.cs.cs355.group4.et.core.Candidate.hbm.xml
18:40:53.738 [11] INFO  NHibernate.Cfg.Configuration - Mapping resource: edu.uwec.cs.cs355.group4.et.core.Candidate.hbm.xml
18:40:53.738 [11] INFO  NHibernate.Dialect.Dialect - Using dialect: NHibernate.Dialect.MySQLDialect
18:40:53.738 [11] INFO  NHibernate.Cfg.HbmBinder - Mapping class: edu.uwec.cs.cs355.group4.et.core.Candidate -> candidate
18:40:53.738 [11] DEBUG NHibernate.Cfg.HbmBinder - Mapped property: ID -> CandidateID, type: Int64
18:40:53.738 [11] DEBUG NHibernate.Cfg.HbmBinder - Mapped property: FirstName -> CandidateFirstName, type: String
18:40:53.738 [11] DEBUG NHibernate.Cfg.HbmBinder - Mapped property: MiddleName -> CandidateMiddleName, type: String
18:40:53.738 [11] DEBUG NHibernate.Cfg.HbmBinder - Mapped property: LastName -> CandidateLastName, type: String
18:40:53.738 [11] DEBUG NHibernate.Cfg.HbmBinder - Mapped property: Notes -> CandidateNotes, type: String
18:40:53.738 [11] DEBUG NHibernate.Cfg.HbmBinder - Mapped property: PoliticalParty -> CandidatePoliticalPartyID, type: PoliticalParty
18:40:53.738 [11] DEBUG NHibernate.Cfg.HbmBinder - Mapped property: IsActive -> CandidateIsActive, type: Boolean
18:40:53.738 [11] INFO  NHibernate.Cfg.Configuration - Found mapping document in assembly: edu.uwec.cs.cs355.group4.et.core.County.hbm.xml
18:40:53.738 [11] INFO  NHibernate.Cfg.Configuration - Mapping resource: edu.uwec.cs.cs355.group4.et.core.County.hbm.xml
18:40:53.738 [11] INFO  NHibernate.Dialect.Dialect - Using dialect: NHibernate.Dialect.MySQLDialect
18:40:53.738 [11] INFO  NHibernate.Cfg.HbmBinder - Mapping class: edu.uwec.cs.cs355.group4.et.core.County -> county
18:40:53.738 [11] DEBUG NHibernate.Cfg.HbmBinder - Mapped property: ID -> CountyID, type: Int64
18:40:53.738 [11] DEBUG NHibernate.Cfg.HbmBinder - Mapped property: Name -> CountyName, type: String
18:40:53.738 [11] DEBUG NHibernate.Cfg.HbmBinder - Mapped property: Notes -> CountyNotes, type: String
18:40:53.738 [11] DEBUG NHibernate.Cfg.HbmBinder - Mapped property: WardCount -> CountyWardCount, type: Int32
18:40:53.738 [11] DEBUG NHibernate.Cfg.HbmBinder - Mapped property: PhoneNumbers, type: IList`1
18:40:53.738 [11] DEBUG NHibernate.Cfg.HbmBinder - Mapped property: Attributes, type: IList`1
18:40:53.738 [11] DEBUG NHibernate.Cfg.HbmBinder - Mapped property: Websites, type: IList`1
18:40:53.738 [11] INFO  NHibernate.Cfg.Configuration - Found mapping document in assembly: edu.uwec.cs.cs355.group4.et.core.PoliticalParty.hbm.xml
18:40:53.738 [11] INFO  NHibernate.Cfg.Configuration - Mapping resource: edu.uwec.cs.cs355.group4.et.core.PoliticalParty.hbm.xml
18:40:53.738 [11] INFO  NHibernate.Dialect.Dialect - Using dialect: NHibernate.Dialect.MySQLDialect
18:40:53.738 [11] INFO  NHibernate.Cfg.HbmBinder - Mapping class: edu.uwec.cs.cs355.group4.et.core.PoliticalParty -> politicalparty
18:40:53.738 [11] DEBUG NHibernate.Cfg.HbmBinder - Mapped property: ID -> PoliticalPartyID, type: Int64
18:40:53.738 [11] DEBUG NHibernate.Cfg.HbmBinder - Mapped property: Name -> PoliticalPartyName, type: String
18:40:53.738 [11] DEBUG NHibernate.Cfg.HbmBinder - Mapped property: Abbreviation -> PoliticalPartyAbbrev, type: String
18:40:53.738 [11] DEBUG NHibernate.Cfg.HbmBinder - Mapped property: IsActive -> PoliticalPartyIsActive, type: Boolean
18:40:53.738 [11] INFO  NHibernate.Cfg.Configuration - Found mapping document in assembly: edu.uwec.cs.cs355.group4.et.core.CountyPhoneNumber.hbm.xml
18:40:53.738 [11] INFO  NHibernate.Cfg.Configuration - Mapping resource: edu.uwec.cs.cs355.group4.et.core.CountyPhoneNumber.hbm.xml
18:40:53.738 [11] INFO  NHibernate.Dialect.Dialect - Using dialect: NHibernate.Dialect.MySQLDialect
18:40:53.738 [11] INFO  NHibernate.Cfg.HbmBinder - Mapping class: edu.uwec.cs.cs355.group4.et.core.CountyPhoneNumber -> countyphonenumber
18:40:53.738 [11] DEBUG NHibernate.Cfg.HbmBinder - Mapped property: ID -> CountyPhoneNumberID, type: Int64
18:40:53.738 [11] DEBUG NHibernate.Cfg.HbmBinder - Mapped property: County -> CountyID, type: County
18:40:53.738 [11] DEBUG NHibernate.Cfg.HbmBinder - Mapped property: Type -> PhoneNumberTypeID, type: PhoneNumberType
18:40:53.738 [11] DEBUG NHibernate.Cfg.HbmBinder - Mapped property: AreaCode -> PhoneNumberAreaCode, type: String
18:40:53.738 [11] DEBUG NHibernate.Cfg.HbmBinder - Mapped property: PhoneNumber -> PhoneNumberNumber, type: String
18:40:53.738 [11] DEBUG NHibernate.Cfg.HbmBinder - Mapped property: Extension -> PhoneNumberExtension, type: String
18:40:53.738 [11] INFO  NHibernate.Cfg.Configuration - Found mapping document in assembly: edu.uwec.cs.cs355.group4.et.core.Response.hbm.xml
18:40:53.738 [11] INFO  NHibernate.Cfg.Configuration - Mapping resource: edu.uwec.cs.cs355.group4.et.core.Response.hbm.xml
18:40:53.738 [11] INFO  NHibernate.Dialect.Dialect - Using dialect: NHibernate.Dialect.MySQLDialect
18:40:53.738 [11] INFO  NHibernate.Cfg.HbmBinder - Mapping class: edu.uwec.cs.cs355.group4.et.core.Response -> response
18:40:53.738 [11] DEBUG NHibernate.Cfg.HbmBinder - Mapped property: ID -> ResponseID, type: Int64
18:40:53.738 [11] DEBUG NHibernate.Cfg.HbmBinder - Mapped property: ElectionContest -> ElectionContestID, type: ElectionContest
18:40:53.753 [11] INFO  NHibernate.Cfg.HbmBinder - Mapping joined-subclass: edu.uwec.cs.cs355.group4.et.core.CandidateResponse -> CandidateResponse
18:40:53.753 [11] DEBUG NHibernate.Cfg.HbmBinder - Mapped property: Candidate -> CandidateID, type: Candidate
18:40:53.753 [11] INFO  NHibernate.Cfg.HbmBinder - Mapping joined-subclass: edu.uwec.cs.cs355.group4.et.core.CustomResponse -> customresponse
18:40:53.753 [11] DEBUG NHibernate.Cfg.HbmBinder - Mapped property: Description -> ResponseName, type: String
18:40:53.753 [11] INFO  NHibernate.Cfg.Configuration - Found mapping document in assembly: edu.uwec.cs.cs355.group4.et.core.CountyWebsite.hbm.xml
18:40:53.753 [11] INFO  NHibernate.Cfg.Configuration - Mapping resource: edu.uwec.cs.cs355.group4.et.core.CountyWebsite.hbm.xml
18:40:53.753 [11] INFO  NHibernate.Dialect.Dialect - Using dialect: NHibernate.Dialect.MySQLDialect
18:40:53.753 [11] INFO  NHibernate.Cfg.HbmBinder - Mapping class: edu.uwec.cs.cs355.group4.et.core.CountyWebsite -> countywebsite
18:40:53.753 [11] DEBUG NHibernate.Cfg.HbmBinder - Mapped property: ID -> CountyWebsiteID, type: Int64
18:40:53.753 [11] DEBUG NHibernate.Cfg.HbmBinder - Mapped property: URL -> CountyWebsiteURL, type: String
18:40:53.753 [11] DEBUG NHibernate.Cfg.HbmBinder - Mapped property: County -> CountyID, type: County
18:40:53.753 [11] INFO  NHibernate.Cfg.Configuration - Found mapping document in assembly: edu.uwec.cs.cs355.group4.et.core.CountyAttribute.hbm.xml
18:40:53.753 [11] INFO  NHibernate.Cfg.Configuration - Mapping resource: edu.uwec.cs.cs355.group4.et.core.CountyAttribute.hbm.xml
18:40:53.753 [11] INFO  NHibernate.Dialect.Dialect - Using dialect: NHibernate.Dialect.MySQLDialect
18:40:53.753 [11] INFO  NHibernate.Cfg.HbmBinder - Mapping class: edu.uwec.cs.cs355.group4.et.core.CountyAttribute -> countyattribute
18:40:53.753 [11] DEBUG NHibernate.Cfg.HbmBinder - Mapped property: ID -> CountyAttributeID, type: Int64
18:40:53.753 [11] DEBUG NHibernate.Cfg.HbmBinder - Mapped property: Value -> CountyAttributeValue, type: String
18:40:53.753 [11] DEBUG NHibernate.Cfg.HbmBinder - Mapped property: Type -> AttributeTypeID, type: AttributeType
18:40:53.753 [11] DEBUG NHibernate.Cfg.HbmBinder - Mapped property: County -> CountyID, type: County
18:40:53.753 [11] INFO  NHibernate.Cfg.Configuration - Found mapping document in assembly: edu.uwec.cs.cs355.group4.et.core.PhoneNumberType.hbm.xml
18:40:53.753 [11] INFO  NHibernate.Cfg.Configuration - Mapping resource: edu.uwec.cs.cs355.group4.et.core.PhoneNumberType.hbm.xml
18:40:53.753 [11] INFO  NHibernate.Dialect.Dialect - Using dialect: NHibernate.Dialect.MySQLDialect
18:40:53.753 [11] INFO  NHibernate.Cfg.HbmBinder - Mapping class: edu.uwec.cs.cs355.group4.et.core.PhoneNumberType -> phonenumbertype
18:40:53.753 [11] DEBUG NHibernate.Cfg.HbmBinder - Mapped property: ID -> PhoneNumberTypeID, type: Int64
18:40:53.753 [11] DEBUG NHibernate.Cfg.HbmBinder - Mapped property: Name -> PhoneNumberTypeName, type: String
18:40:53.753 [11] INFO  NHibernate.Cfg.Configuration - Found mapping document in assembly: edu.uwec.cs.cs355.group4.et.core.ElectionContest.hbm.xml
18:40:53.753 [11] INFO  NHibernate.Cfg.Configuration - Mapping resource: edu.uwec.cs.cs355.group4.et.core.ElectionContest.hbm.xml
18:40:53.753 [11] INFO  NHibernate.Dialect.Dialect - Using dialect: NHibernate.Dialect.MySQLDialect
18:40:53.753 [11] INFO  NHibernate.Cfg.HbmBinder - Mapping class: edu.uwec.cs.cs355.group4.et.core.ElectionContest -> electioncontest
18:40:53.753 [11] DEBUG NHibernate.Cfg.HbmBinder - Mapped property: ID -> ElectionContestID, type: Int64
18:40:53.753 [11] DEBUG NHibernate.Cfg.HbmBinder - Mapped property: Responses, type: IList`1
18:40:53.753 [11] DEBUG NHibernate.Cfg.HbmBinder - Mapped property: Counties, type: IList`1
18:40:53.753 [11] DEBUG NHibernate.Cfg.HbmBinder - Mapped property: Election -> ElectionID, type: Election
18:40:53.753 [11] DEBUG NHibernate.Cfg.HbmBinder - Mapped property: Contest -> ContestID, type: Contest
18:40:53.753 [11] INFO  NHibernate.Cfg.Configuration - processing one-to-many association mappings
18:40:53.753 [11] DEBUG NHibernate.Cfg.CollectionSecondPass - Second pass for collection: edu.uwec.cs.cs355.group4.et.core.Election.ElectionContests
18:40:53.769 [11] INFO  NHibernate.Cfg.HbmBinder - mapping collection: edu.uwec.cs.cs355.group4.et.core.Election.ElectionContests -> electioncontest
18:40:53.769 [11] DEBUG NHibernate.Cfg.CollectionSecondPass - Mapped collection key: ElectionID, one-to-many: ElectionContest
18:40:53.769 [11] DEBUG NHibernate.Cfg.CollectionSecondPass - Second pass for collection: edu.uwec.cs.cs355.group4.et.core.County.PhoneNumbers
18:40:53.769 [11] INFO  NHibernate.Cfg.HbmBinder - mapping collection: edu.uwec.cs.cs355.group4.et.core.County.PhoneNumbers -> countyphonenumber
18:40:53.769 [11] DEBUG NHibernate.Cfg.CollectionSecondPass - Mapped collection key: CountyID, one-to-many: CountyPhoneNumber
18:40:53.769 [11] DEBUG NHibernate.Cfg.CollectionSecondPass - Second pass for collection: edu.uwec.cs.cs355.group4.et.core.County.Attributes
18:40:53.769 [11] INFO  NHibernate.Cfg.HbmBinder - mapping collection: edu.uwec.cs.cs355.group4.et.core.County.Attributes -> countyattribute
18:40:53.769 [11] DEBUG NHibernate.Cfg.CollectionSecondPass - Mapped collection key: CountyID, one-to-many: CountyAttribute
18:40:53.769 [11] DEBUG NHibernate.Cfg.CollectionSecondPass - Second pass for collection: edu.uwec.cs.cs355.group4.et.core.County.Websites
18:40:53.769 [11] INFO  NHibernate.Cfg.HbmBinder - mapping collection: edu.uwec.cs.cs355.group4.et.core.County.Websites -> countywebsite
18:40:53.769 [11] DEBUG NHibernate.Cfg.CollectionSecondPass - Mapped collection key: CountyID, one-to-many: CountyWebsite
18:40:53.769 [11] DEBUG NHibernate.Cfg.CollectionSecondPass - Second pass for collection: edu.uwec.cs.cs355.group4.et.core.ElectionContest.Responses
18:40:53.769 [11] INFO  NHibernate.Cfg.HbmBinder - mapping collection: edu.uwec.cs.cs355.group4.et.core.ElectionContest.Responses -> response
18:40:53.769 [11] DEBUG NHibernate.Cfg.CollectionSecondPass - Mapped collection key: ElectionContestID, one-to-many: Response
18:40:53.769 [11] DEBUG NHibernate.Cfg.CollectionSecondPass - Second pass for collection: edu.uwec.cs.cs355.group4.et.core.ElectionContest.Counties
18:40:53.769 [11] INFO  NHibernate.Cfg.HbmBinder - mapping collection: edu.uwec.cs.cs355.group4.et.core.ElectionContest.Counties -> contestcounty
18:40:53.769 [11] DEBUG NHibernate.Cfg.CollectionSecondPass - Mapped collection key: ElectionContestID, one-to-many: ContestCounty
18:40:53.769 [11] INFO  NHibernate.Cfg.Configuration - processing one-to-one association property references
18:40:53.769 [11] INFO  NHibernate.Cfg.Configuration - processing foreign key constraints
18:40:53.769 [11] DEBUG NHibernate.Cfg.Configuration - resolving reference to class: County
18:40:53.769 [11] DEBUG NHibernate.Cfg.Configuration - resolving reference to class: PhoneNumberType
18:40:53.769 [11] DEBUG NHibernate.Cfg.Configuration - resolving reference to class: PoliticalParty
18:40:53.769 [11] DEBUG NHibernate.Cfg.Configuration - resolving reference to class: Contest
18:40:53.769 [11] DEBUG NHibernate.Cfg.Configuration - resolving reference to class: Election
18:40:53.769 [11] DEBUG NHibernate.Cfg.Configuration - resolving reference to class: ElectionContest
18:40:53.769 [11] DEBUG NHibernate.Cfg.Configuration - resolving reference to class: County
18:40:53.769 [11] DEBUG NHibernate.Cfg.Configuration - resolving reference to class: ElectionContest
18:40:53.769 [11] DEBUG NHibernate.Cfg.Configuration - resolving reference to class: County
18:40:53.769 [11] DEBUG NHibernate.Cfg.Configuration - resolving reference to class: Response
18:40:53.769 [11] DEBUG NHibernate.Cfg.Configuration - resolving reference to class: AttributeType
18:40:53.769 [11] DEBUG NHibernate.Cfg.Configuration - resolving reference to class: County
18:40:53.769 [11] DEBUG NHibernate.Cfg.Configuration - resolving reference to class: ContestType
18:40:53.769 [11] DEBUG NHibernate.Cfg.Configuration - resolving reference to class: Candidate
18:40:53.769 [11] DEBUG NHibernate.Cfg.Configuration - resolving reference to class: Response
18:40:53.800 [11] INFO  NHibernate.Dialect.Dialect - Using dialect: NHibernate.Dialect.MySQLDialect
18:40:53.800 [11] INFO  NHibernate.Connection.ConnectionProviderFactory - Initializing connection provider: NHibernate.Connection.DriverConnectionProvider
18:40:53.816 [11] INFO  NHibernate.Connection.ConnectionProvider - Configuring ConnectionProvider
18:40:54.784 [11] INFO  NHibernate.Cfg.SettingsFactory - Optimize cache for minimal puts: False
18:40:54.784 [11] INFO  NHibernate.Cfg.SettingsFactory - Connection release mode: auto
18:40:54.784 [11] INFO  NHibernate.Cfg.SettingsFactory - Query translator: NHibernate.Hql.Classic.ClassicQueryTranslatorFactory
18:40:54.831 [11] INFO  NHibernate.Cfg.SettingsFactory - Query language substitutions: {}
18:40:54.831 [11] INFO  NHibernate.Cfg.SettingsFactory - cache provider: NHibernate.Cache.NoCacheProvider, NHibernate, Version=1.2.0.3001, Culture=neutral, PublicKeyToken=aa95f207798dfdb4
18:40:54.878 [11] INFO  NHibernate.Impl.SessionFactoryImpl - building session factory
18:40:54.894 [11] DEBUG NHibernate.Impl.SessionFactoryImpl - instantiating session factory with properties: {hibernate.connection.driver_class=NHibernate.Driver.MySqlDataDriver, hibernate.dialect=NHibernate.Dialect.MySQLDialect, hibernate.connection.provider=NHibernate.Connection.DriverConnectionProvider, hibernate.use_reflection_optimizer=true, hibernate.connection.connection_string=Server=stef.cs.uwec.edu;database=degenst;uid=DEGENST;pwd=D6215;}
18:40:55.535 [11] DEBUG NHibernate.Impl.SessionFactoryObjectFactory - initializing class SessionFactoryObjectFactory
18:40:55.535 [11] DEBUG NHibernate.Impl.SessionFactoryObjectFactory - registered: 905946639bf948cd8fd4f71939a1aca1(unnamed)
18:40:55.535 [11] INFO  NHibernate.Impl.SessionFactoryObjectFactory - no name configured
18:40:55.597 [11] DEBUG NHibernate.Loader.Entity.AbstractEntityLoader - Static select for entity edu.uwec.cs.cs355.group4.et.core.ContestType: SELECT contesttyp0_.ContestTypeID as ContestT1_0_0_, contesttyp0_.ContestTypeName as ContestT2_0_0_ FROM contesttype contesttyp0_ WHERE contesttyp0_.ContestTypeID=?
18:40:55.597 [11] DEBUG NHibernate.Loader.Entity.AbstractEntityLoader - Static select for entity edu.uwec.cs.cs355.group4.et.core.ContestType: SELECT contesttyp0_.ContestTypeID as ContestT1_0_0_, contesttyp0_.ContestTypeName as ContestT2_0_0_ FROM contesttype contesttyp0_ WHERE contesttyp0_.ContestTypeID=?
18:40:55.613 [11] DEBUG NHibernate.SqlCommand.SqlSelectBuilder - The initial capacity was set too low at: 8 for the SelectSqlBuilder that needed a capacity of: 9 for the table contesttype contesttyp0_
18:40:55.613 [11] DEBUG NHibernate.Loader.Entity.AbstractEntityLoader - Static select for entity edu.uwec.cs.cs355.group4.et.core.ContestType: SELECT contesttyp0_.ContestTypeID as ContestT1_0_0_, contesttyp0_.ContestTypeName as ContestT2_0_0_ FROM contesttype contesttyp0_ WHERE contesttyp0_.ContestTypeID=? for update
18:40:55.613 [11] DEBUG NHibernate.SqlCommand.SqlSelectBuilder - The initial capacity was set too low at: 8 for the SelectSqlBuilder that needed a capacity of: 9 for the table contesttype contesttyp0_
18:40:55.613 [11] DEBUG NHibernate.Loader.Entity.AbstractEntityLoader - Static select for entity edu.uwec.cs.cs355.group4.et.core.ContestType: SELECT contesttyp0_.ContestTypeID as ContestT1_0_0_, contesttyp0_.ContestTypeName as ContestT2_0_0_ FROM contesttype contesttyp0_ WHERE contesttyp0_.ContestTypeID=? for update
18:40:55.613 [11] DEBUG NHibernate.Loader.Entity.AbstractEntityLoader - Static select for entity edu.uwec.cs.cs355.group4.et.core.County: SELECT county0_.CountyID as CountyID6_0_, county0_.CountyName as CountyName6_0_, county0_.CountyNotes as CountyNo3_6_0_, county0_.CountyWardCount as CountyWa4_6_0_ FROM county county0_ WHERE county0_.CountyID=?
18:40:55.613 [11] DEBUG NHibernate.Loader.Entity.AbstractEntityLoader - Static select for entity edu.uwec.cs.cs355.group4.et.core.County: SELECT county0_.CountyID as CountyID6_0_, county0_.CountyName as CountyName6_0_, county0_.CountyNotes as CountyNo3_6_0_, county0_.CountyWardCount as CountyWa4_6_0_ FROM county county0_ WHERE county0_.CountyID=?
18:40:55.613 [11] DEBUG NHibernate.SqlCommand.SqlSelectBuilder - The initial capacity was set too low at: 8 for the SelectSqlBuilder that needed a capacity of: 9 for the table county county0_
18:40:55.613 [11] DEBUG NHibernate.Loader.Entity.AbstractEntityLoader - Static select for entity edu.uwec.cs.cs355.group4.et.core.County: SELECT county0_.CountyID as CountyID6_0_, county0_.CountyName as CountyName6_0_, county0_.CountyNotes as CountyNo3_6_0_, county0_.CountyWardCount as CountyWa4_6_0_ FROM county county0_ WHERE county0_.CountyID=? for update
18:40:55.613 [11] DEBUG NHibernate.SqlCommand.SqlSelectBuilder - The initial capacity was set too low at: 8 for the SelectSqlBuilder that needed a capacity of: 9 for the table county county0_
18:40:55.613 [11] DEBUG NHibernate.Loader.Entity.AbstractEntityLoader - Static select for entity edu.uwec.cs.cs355.group4.et.core.County: SELECT county0_.CountyID as CountyID6_0_, county0_.CountyName as CountyName6_0_, county0_.CountyNotes as CountyNo3_6_0_, county0_.CountyWardCount as CountyWa4_6_0_ FROM county county0_ WHERE county0_.CountyID=? for update
18:40:55.613 [11] DEBUG NHibernate.Loader.Entity.AbstractEntityLoader - Static select for entity edu.uwec.cs.cs355.group4.et.core.Candidate: SELECT candidate0_.CandidateID as Candidat1_5_0_, candidate0_.CandidateFirstName as Candidat2_5_0_, candidate0_.CandidateMiddleName as Candidat3_5_0_, candidate0_.CandidateLastName as Candidat4_5_0_, candidate0_.CandidateNotes as Candidat5_5_0_, candidate0_.CandidatePoliticalPartyID as Candidat6_5_0_, candidate0_.CandidateIsActive as Candidat7_5_0_ FROM candidate candidate0_ WHERE candidate0_.CandidateID=?
18:40:55.613 [11] DEBUG NHibernate.Loader.Entity.AbstractEntityLoader - Static select for entity edu.uwec.cs.cs355.group4.et.core.Candidate: SELECT candidate0_.CandidateID as Candidat1_5_0_, candidate0_.CandidateFirstName as Candidat2_5_0_, candidate0_.CandidateMiddleName as Candidat3_5_0_, candidate0_.CandidateLastName as Candidat4_5_0_, candidate0_.CandidateNotes as Candidat5_5_0_, candidate0_.CandidatePoliticalPartyID as Candidat6_5_0_, candidate0_.CandidateIsActive as Candidat7_5_0_ FROM candidate candidate0_ WHERE candidate0_.CandidateID=?
18:40:55.613 [11] DEBUG NHibernate.SqlCommand.SqlSelectBuilder - The initial capacity was set too low at: 8 for the SelectSqlBuilder that needed a capacity of: 9 for the table candidate candidate0_
18:40:55.613 [11] DEBUG NHibernate.Loader.Entity.AbstractEntityLoader - Static select for entity edu.uwec.cs.cs355.group4.et.core.Candidate: SELECT candidate0_.CandidateID as Candidat1_5_0_, candidate0_.CandidateFirstName as Candidat2_5_0_, candidate0_.CandidateMiddleName as Candidat3_5_0_, candidate0_.CandidateLastName as Candidat4_5_0_, candidate0_.CandidateNotes as Candidat5_5_0_, candidate0_.CandidatePoliticalPartyID as Candidat6_5_0_, candidate0_.CandidateIsActive as Candidat7_5_0_ FROM candidate candidate0_ WHERE candidate0_.CandidateID=? for update
18:40:55.613 [11] DEBUG NHibernate.SqlCommand.SqlSelectBuilder - The initial capacity was set too low at: 8 for the SelectSqlBuilder that needed a capacity of: 9 for the table candidate candidate0_
18:40:55.613 [11] DEBUG NHibernate.Loader.Entity.AbstractEntityLoader - Static select for entity edu.uwec.cs.cs355.group4.et.core.Candidate: SELECT candidate0_.CandidateID as Candidat1_5_0_, candidate0_.CandidateFirstName as Candidat2_5_0_, candidate0_.CandidateMiddleName as Candidat3_5_0_, candidate0_.CandidateLastName as Candidat4_5_0_, candidate0_.CandidateNotes as Candidat5_5_0_, candidate0_.CandidatePoliticalPartyID as Candidat6_5_0_, candidate0_.CandidateIsActive as Candidat7_5_0_ FROM candidate candidate0_ WHERE candidate0_.CandidateID=? for update
18:40:55.613 [11] DEBUG NHibernate.Loader.Entity.AbstractEntityLoader - Static select for entity edu.uwec.cs.cs355.group4.et.core.CustomResponse: SELECT customresp0_.ResponseID as ResponseID9_0_, customresp0_.ResponseName as Response2_11_0_, customresp0_1_.ElectionContestID as Election2_9_0_ FROM customresponse customresp0_ inner join response customresp0_1_ on customresp0_.ResponseID=customresp0_1_.ResponseID WHERE customresp0_.ResponseID=?
18:40:55.613 [11] DEBUG NHibernate.Loader.Entity.AbstractEntityLoader - Static select for entity edu.uwec.cs.cs355.group4.et.core.CustomResponse: SELECT customresp0_.ResponseID as ResponseID9_0_, customresp0_.ResponseName as Response2_11_0_, customresp0_1_.ElectionContestID as Election2_9_0_ FROM customresponse customresp0_ inner join response customresp0_1_ on customresp0_.ResponseID=customresp0_1_.ResponseID WHERE customresp0_.ResponseID=?
18:40:55.628 [11] DEBUG NHibernate.SqlCommand.SqlSelectBuilder - The initial capacity was set too low at: 8 for the SelectSqlBuilder that needed a capacity of: 9 for the table customresponse customresp0_ inner join response customresp0_1_ on customresp0_.ResponseID=customresp0_1_.ResponseID
18:40:55.628 [11] DEBUG NHibernate.Loader.Entity.AbstractEntityLoader - Static select for entity edu.uwec.cs.cs355.group4.et.core.CustomResponse: SELECT customresp0_.ResponseID as ResponseID9_0_, customresp0_.ResponseName as Response2_11_0_, customresp0_1_.ElectionContestID as Election2_9_0_ FROM customresponse customresp0_ inner join response customresp0_1_ on customresp0_.ResponseID=customresp0_1_.ResponseID WHERE customresp0_.ResponseID=? for update
18:40:55.628 [11] DEBUG NHibernate.SqlCommand.SqlSelectBuilder - The initial capacity was set too low at: 8 for the SelectSqlBuilder that needed a capacity of: 9 for the table customresponse customresp0_ inner join response customresp0_1_ on customresp0_.ResponseID=customresp0_1_.ResponseID
18:40:55.628 [11] DEBUG NHibernate.Loader.Entity.AbstractEntityLoader - Static select for entity edu.uwec.cs.cs355.group4.et.core.CustomResponse: SELECT customresp0_.ResponseID as ResponseID9_0_, customresp0_.ResponseName as Response2_11_0_, customresp0_1_.ElectionContestID as Election2_9_0_ FROM customresponse customresp0_ inner join response customresp0_1_ on customresp0_.ResponseID=customresp0_1_.ResponseID WHERE customresp0_.ResponseID=? for update
18:40:55.628 [11] DEBUG NHibernate.Loader.Entity.AbstractEntityLoader - Static select for entity edu.uwec.cs.cs355.group4.et.core.Election: SELECT election0_.ElectionID as ElectionID2_0_, election0_.ElectionDate as Election2_2_0_, election0_.ElectionNotes as Election3_2_0_, election0_.ElectionIsActive as Election4_2_0_ FROM election election0_ WHERE election0_.ElectionID=?
18:40:55.628 [11] DEBUG NHibernate.Loader.Entity.AbstractEntityLoader - Static select for entity edu.uwec.cs.cs355.group4.et.core.Election: SELECT election0_.ElectionID as ElectionID2_0_, election0_.ElectionDate as Election2_2_0_, election0_.ElectionNotes as Election3_2_0_, election0_.ElectionIsActive as Election4_2_0_ FROM election election0_ WHERE election0_.ElectionID=?
18:40:55.628 [11] DEBUG NHibernate.SqlCommand.SqlSelectBuilder - The initial capacity was set too low at: 8 for the SelectSqlBuilder that needed a capacity of: 9 for the table election election0_
18:40:55.628 [11] DEBUG NHibernate.Loader.Entity.AbstractEntityLoader - Static select for entity edu.uwec.cs.cs355.group4.et.core.Election: SELECT election0_.ElectionID as ElectionID2_0_, election0_.ElectionDate as Election2_2_0_, election0_.ElectionNotes as Election3_2_0_, election0_.ElectionIsActive as Election4_2_0_ FROM election election0_ WHERE election0_.ElectionID=? for update
18:40:55.628 [11] DEBUG NHibernate.SqlCommand.SqlSelectBuilder - The initial capacity was set too low at: 8 for the SelectSqlBuilder that needed a capacity of: 9 for the table election election0_
18:40:55.628 [11] DEBUG NHibernate.Loader.Entity.AbstractEntityLoader - Static select for entity edu.uwec.cs.cs355.group4.et.core.Election: SELECT election0_.ElectionID as ElectionID2_0_, election0_.ElectionDate as Election2_2_0_, election0_.ElectionNotes as Election3_2_0_, election0_.ElectionIsActive as Election4_2_0_ FROM election election0_ WHERE election0_.ElectionID=? for update
18:40:55.628 [11] DEBUG NHibernate.Loader.Entity.AbstractEntityLoader - Static select for entity edu.uwec.cs.cs355.group4.et.core.CandidateResponse: SELECT candidater0_.ResponseID as ResponseID9_0_, candidater0_.CandidateID as Candidat2_10_0_, candidater0_1_.ElectionContestID as Election2_9_0_ FROM CandidateResponse candidater0_ inner join response candidater0_1_ on candidater0_.ResponseID=candidater0_1_.ResponseID WHERE candidater0_.ResponseID=?
18:40:55.628 [11] DEBUG NHibernate.Loader.Entity.AbstractEntityLoader - Static select for entity edu.uwec.cs.cs355.group4.et.core.CandidateResponse: SELECT candidater0_.ResponseID as ResponseID9_0_, candidater0_.CandidateID as Candidat2_10_0_, candidater0_1_.ElectionContestID as Election2_9_0_ FROM CandidateResponse candidater0_ inner join response candidater0_1_ on candidater0_.ResponseID=candidater0_1_.ResponseID WHERE candidater0_.ResponseID=?
18:40:55.628 [11] DEBUG NHibernate.SqlCommand.SqlSelectBuilder - The initial capacity was set too low at: 8 for the SelectSqlBuilder that needed a capacity of: 9 for the table CandidateResponse candidater0_ inner join response candidater0_1_ on candidater0_.ResponseID=candidater0_1_.ResponseID
18:40:55.628 [11] DEBUG NHibernate.Loader.Entity.AbstractEntityLoader - Static select for entity edu.uwec.cs.cs355.group4.et.core.CandidateResponse: SELECT candidater0_.ResponseID as ResponseID9_0_, candidater0_.CandidateID as Candidat2_10_0_, candidater0_1_.ElectionContestID as Election2_9_0_ FROM CandidateResponse candidater0_ inner join response candidater0_1_ on candidater0_.ResponseID=candidater0_1_.ResponseID WHERE candidater0_.ResponseID=? for update
18:40:55.628 [11] DEBUG NHibernate.SqlCommand.SqlSelectBuilder - The initial capacity was set too low at: 8 for the SelectSqlBuilder that needed a capacity of: 9 for the table CandidateResponse candidater0_ inner join response candidater0_1_ on candidater0_.ResponseID=candidater0_1_.ResponseID
18:40:55.628 [11] DEBUG NHibernate.Loader.Entity.AbstractEntityLoader - Static select for entity edu.uwec.cs.cs355.group4.et.core.CandidateResponse: SELECT candidater0_.ResponseID as ResponseID9_0_, candidater0_.CandidateID as Candidat2_10_0_, candidater0_1_.ElectionContestID as Election2_9_0_ FROM CandidateResponse candidater0_ inner join response candidater0_1_ on candidater0_.ResponseID=candidater0_1_.ResponseID WHERE candidater0_.ResponseID=? for update
18:40:55.628 [11] DEBUG NHibernate.Loader.Entity.AbstractEntityLoader - Static select for entity edu.uwec.cs.cs355.group4.et.core.CountyAttribute: SELECT countyattr0_.CountyAttributeID as CountyAt1_13_0_, countyattr0_.CountyAttributeValue as CountyAt2_13_0_, countyattr0_.AttributeTypeID as Attribut3_13_0_, countyattr0_.CountyID as CountyID13_0_ FROM countyattribute countyattr0_ WHERE countyattr0_.CountyAttributeID=?
18:40:55.628 [11] DEBUG NHibernate.Loader.Entity.AbstractEntityLoader - Static select for entity edu.uwec.cs.cs355.group4.et.core.CountyAttribute: SELECT countyattr0_.CountyAttributeID as CountyAt1_13_0_, countyattr0_.CountyAttributeValue as CountyAt2_13_0_, countyattr0_.AttributeTypeID as Attribut3_13_0_, countyattr0_.CountyID as CountyID13_0_ FROM countyattribute countyattr0_ WHERE countyattr0_.CountyAttributeID=?
18:40:55.628 [11] DEBUG NHibernate.SqlCommand.SqlSelectBuilder - The initial capacity was set too low at: 8 for the SelectSqlBuilder that needed a capacity of: 9 for the table countyattribute countyattr0_
18:40:55.628 [11] DEBUG NHibernate.Loader.Entity.AbstractEntityLoader - Static select for entity edu.uwec.cs.cs355.group4.et.core.CountyAttribute: SELECT countyattr0_.CountyAttributeID as CountyAt1_13_0_, countyattr0_.CountyAttributeValue as CountyAt2_13_0_, countyattr0_.AttributeTypeID as Attribut3_13_0_, countyattr0_.CountyID as CountyID13_0_ FROM countyattribute countyattr0_ WHERE countyattr0_.CountyAttributeID=? for update
18:40:55.628 [11] DEBUG NHibernate.SqlCommand.SqlSelectBuilder - The initial capacity was set too low at: 8 for the SelectSqlBuilder that needed a capacity of: 9 for the table countyattribute countyattr0_
18:40:55.628 [11] DEBUG NHibernate.Loader.Entity.AbstractEntityLoader - Static select for entity edu.uwec.cs.cs355.group4.et.core.CountyAttribute: SELECT countyattr0_.CountyAttributeID as CountyAt1_13_0_, countyattr0_.CountyAttributeValue as CountyAt2_13_0_, countyattr0_.AttributeTypeID as Attribut3_13_0_, countyattr0_.CountyID as CountyID13_0_ FROM countyattribute countyattr0_ WHERE countyattr0_.CountyAttributeID=? for update
18:40:55.628 [11] DEBUG NHibernate.Loader.Entity.AbstractEntityLoader - Static select for entity edu.uwec.cs.cs355.group4.et.core.ContestCounty: SELECT contestcou0_.ContestCountyID as ContestC1_3_0_, contestcou0_.WardsReporting as WardsRep2_3_0_, contestcou0_.WardCount as WardCount3_0_, contestcou0_.CountyID as CountyID3_0_, contestcou0_.ElectionContestID as Election5_3_0_ FROM contestcounty contestcou0_ WHERE contestcou0_.ContestCountyID=?
18:40:55.628 [11] DEBUG NHibernate.Loader.Entity.AbstractEntityLoader - Static select for entity edu.uwec.cs.cs355.group4.et.core.ContestCounty: SELECT contestcou0_.ContestCountyID as ContestC1_3_0_, contestcou0_.WardsReporting as WardsRep2_3_0_, contestcou0_.WardCount as WardCount3_0_, contestcou0_.CountyID as CountyID3_0_, contestcou0_.ElectionContestID as Election5_3_0_ FROM contestcounty contestcou0_ WHERE contestcou0_.ContestCountyID=?
18:40:55.628 [11] DEBUG NHibernate.SqlCommand.SqlSelectBuilder - The initial capacity was set too low at: 8 for the SelectSqlBuilder that needed a capacity of: 9 for the table contestcounty contestcou0_
18:40:55.628 [11] DEBUG NHibernate.Loader.Entity.AbstractEntityLoader - Static select for entity edu.uwec.cs.cs355.group4.et.core.ContestCounty: SELECT contestcou0_.ContestCountyID as ContestC1_3_0_, contestcou0_.WardsReporting as WardsRep2_3_0_, contestcou0_.WardCount as WardCount3_0_, contestcou0_.CountyID as CountyID3_0_, contestcou0_.ElectionContestID as Election5_3_0_ FROM contestcounty contestcou0_ WHERE contestcou0_.ContestCountyID=? for update
18:40:55.628 [11] DEBUG NHibernate.SqlCommand.SqlSelectBuilder - The initial capacity was set too low at: 8 for the SelectSqlBuilder that needed a capacity of: 9 for the table contestcounty contestcou0_
18:40:55.628 [11] DEBUG NHibernate.Loader.Entity.AbstractEntityLoader - Static select for entity edu.uwec.cs.cs355.group4.et.core.ContestCounty: SELECT contestcou0_.ContestCountyID as ContestC1_3_0_, contestcou0_.WardsReporting as WardsRep2_3_0_, contestcou0_.WardCount as WardCount3_0_, contestcou0_.CountyID as CountyID3_0_, contestcou0_.ElectionContestID as Election5_3_0_ FROM contestcounty contestcou0_ WHERE contestcou0_.ContestCountyID=? for update
18:40:55.628 [11] DEBUG NHibernate.Loader.Entity.AbstractEntityLoader - Static select for entity edu.uwec.cs.cs355.group4.et.core.PoliticalParty: SELECT politicalp0_.PoliticalPartyID as Politica1_7_0_, politicalp0_.PoliticalPartyName as Politica2_7_0_, politicalp0_.PoliticalPartyAbbrev as Politica3_7_0_, politicalp0_.PoliticalPartyIsActive as Politica4_7_0_ FROM politicalparty politicalp0_ WHERE politicalp0_.PoliticalPartyID=?
18:40:55.628 [11] DEBUG NHibernate.Loader.Entity.AbstractEntityLoader - Static select for entity edu.uwec.cs.cs355.group4.et.core.PoliticalParty: SELECT politicalp0_.PoliticalPartyID as Politica1_7_0_, politicalp0_.PoliticalPartyName as Politica2_7_0_, politicalp0_.PoliticalPartyAbbrev as Politica3_7_0_, politicalp0_.PoliticalPartyIsActive as Politica4_7_0_ FROM politicalparty politicalp0_ WHERE politicalp0_.PoliticalPartyID=?
18:40:55.628 [11] DEBUG NHibernate.SqlCommand.SqlSelectBuilder - The initial capacity was set too low at: 8 for the SelectSqlBuilder that needed a capacity of: 9 for the table politicalparty politicalp0_
18:40:55.628 [11] DEBUG NHibernate.Loader.Entity.AbstractEntityLoader - Static select for entity edu.uwec.cs.cs355.group4.et.core.PoliticalParty: SELECT politicalp0_.PoliticalPartyID as Politica1_7_0_, politicalp0_.PoliticalPartyName as Politica2_7_0_, politicalp0_.PoliticalPartyAbbrev as Politica3_7_0_, politicalp0_.PoliticalPartyIsActive as Politica4_7_0_ FROM politicalparty politicalp0_ WHERE politicalp0_.PoliticalPartyID=? for update
18:40:55.628 [11] DEBUG NHibernate.SqlCommand.SqlSelectBuilder - The initial capacity was set too low at: 8 for the SelectSqlBuilder that needed a capacity of: 9 for the table politicalparty politicalp0_
18:40:55.628 [11] DEBUG NHibernate.Loader.Entity.AbstractEntityLoader - Static select for entity edu.uwec.cs.cs355.group4.et.core.PoliticalParty: SELECT politicalp0_.PoliticalPartyID as Politica1_7_0_, politicalp0_.PoliticalPartyName as Politica2_7_0_, politicalp0_.PoliticalPartyAbbrev as Politica3_7_0_, politicalp0_.PoliticalPartyIsActive as Politica4_7_0_ FROM politicalparty politicalp0_ WHERE politicalp0_.PoliticalPartyID=? for update
18:40:55.628 [11] DEBUG NHibernate.Loader.Entity.AbstractEntityLoader - Static select for entity edu.uwec.cs.cs355.group4.et.core.ElectionContest: SELECT electionco0_.ElectionContestID as Election1_15_0_, electionco0_.ElectionID as ElectionID15_0_, electionco0_.ContestID as ContestID15_0_ FROM electioncontest electionco0_ WHERE electionco0_.ElectionContestID=?
18:40:55.628 [11] DEBUG NHibernate.Loader.Entity.AbstractEntityLoader - Static select for entity edu.uwec.cs.cs355.group4.et.core.ElectionContest: SELECT electionco0_.ElectionContestID as Election1_15_0_, electionco0_.ElectionID as ElectionID15_0_, electionco0_.ContestID as ContestID15_0_ FROM electioncontest electionco0_ WHERE electionco0_.ElectionContestID=?
18:40:55.628 [11] DEBUG NHibernate.SqlCommand.SqlSelectBuilder - The initial capacity was set too low at: 8 for the SelectSqlBuilder that needed a capacity of: 9 for the table electioncontest electionco0_
18:40:55.628 [11] DEBUG NHibernate.Loader.Entity.AbstractEntityLoader - Static select for entity edu.uwec.cs.cs355.group4.et.core.ElectionContest: SELECT electionco0_.ElectionContestID as Election1_15_0_, electionco0_.ElectionID as ElectionID15_0_, electionco0_.ContestID as ContestID15_0_ FROM electioncontest electionco0_ WHERE electionco0_.ElectionContestID=? for update
18:40:55.628 [11] DEBUG NHibernate.SqlCommand.SqlSelectBuilder - The initial capacity was set too low at: 8 for the SelectSqlBuilder that needed a capacity of: 9 for the table electioncontest electionco0_
18:40:55.628 [11] DEBUG NHibernate.Loader.Entity.AbstractEntityLoader - Static select for entity edu.uwec.cs.cs355.group4.et.core.ElectionContest: SELECT electionco0_.ElectionContestID as Election1_15_0_, electionco0_.ElectionID as ElectionID15_0_, electionco0_.ContestID as ContestID15_0_ FROM electioncontest electionco0_ WHERE electionco0_.ElectionContestID=? for update
18:40:55.628 [11] DEBUG NHibernate.Loader.Entity.AbstractEntityLoader - Static select for entity edu.uwec.cs.cs355.group4.et.core.Response: SELECT response0_.ResponseID as ResponseID9_0_, response0_.ElectionContestID as Election2_9_0_, response0_1_.CandidateID as Candidat2_10_0_, response0_2_.ResponseName as Response2_11_0_, case when response0_1_.ResponseID is not null then 1 when response0_2_.ResponseID is not null then 2 when response0_.ResponseID is not null then 0 end as clazz_0_ FROM response response0_ left outer join CandidateResponse response0_1_ on response0_.ResponseID=response0_1_.ResponseID left outer join customresponse response0_2_ on response0_.ResponseID=response0_2_.ResponseID WHERE response0_.ResponseID=?
18:40:55.628 [11] DEBUG NHibernate.Loader.Entity.AbstractEntityLoader - Static select for entity edu.uwec.cs.cs355.group4.et.core.Response: SELECT response0_.ResponseID as ResponseID9_0_, response0_.ElectionContestID as Election2_9_0_, response0_1_.CandidateID as Candidat2_10_0_, response0_2_.ResponseName as Response2_11_0_, case when response0_1_.ResponseID is not null then 1 when response0_2_.ResponseID is not null then 2 when response0_.ResponseID is not null then 0 end as clazz_0_ FROM response response0_ left outer join CandidateResponse response0_1_ on response0_.ResponseID=response0_1_.ResponseID left outer join customresponse response0_2_ on response0_.ResponseID=response0_2_.ResponseID WHERE response0_.ResponseID=?
18:40:55.628 [11] DEBUG NHibernate.SqlCommand.SqlSelectBuilder - The initial capacity was set too low at: 8 for the SelectSqlBuilder that needed a capacity of: 9 for the table response response0_ left outer join CandidateResponse response0_1_ on response0_.ResponseID=response0_1_.ResponseID left outer join customresponse response0_2_ on response0_.ResponseID=response0_2_.ResponseID
18:40:55.628 [11] DEBUG NHibernate.Loader.Entity.AbstractEntityLoader - Static select for entity edu.uwec.cs.cs355.group4.et.core.Response: SELECT response0_.ResponseID as ResponseID9_0_, response0_.ElectionContestID as Election2_9_0_, response0_1_.CandidateID as Candidat2_10_0_, response0_2_.ResponseName as Response2_11_0_, case when response0_1_.ResponseID is not null then 1 when response0_2_.ResponseID is not null then 2 when response0_.ResponseID is not null then 0 end as clazz_0_ FROM response response0_ left outer join CandidateResponse response0_1_ on response0_.ResponseID=response0_1_.ResponseID left outer join customresponse response0_2_ on response0_.ResponseID=response0_2_.ResponseID WHERE response0_.ResponseID=? for update
18:40:55.628 [11] DEBUG NHibernate.SqlCommand.SqlSelectBuilder - The initial capacity was set too low at: 8 for the SelectSqlBuilder that needed a capacity of: 9 for the table response response0_ left outer join CandidateResponse response0_1_ on response0_.ResponseID=response0_1_.ResponseID left outer join customresponse response0_2_ on response0_.ResponseID=response0_2_.ResponseID
18:40:55.628 [11] DEBUG NHibernate.Loader.Entity.AbstractEntityLoader - Static select for entity edu.uwec.cs.cs355.group4.et.core.Response: SELECT response0_.ResponseID as ResponseID9_0_, response0_.ElectionContestID as Election2_9_0_, response0_1_.CandidateID as Candidat2_10_0_, response0_2_.ResponseName as Response2_11_0_, case when response0_1_.ResponseID is not null then 1 when response0_2_.ResponseID is not null then 2 when response0_.ResponseID is not null then 0 end as clazz_0_ FROM response response0_ left outer join CandidateResponse response0_1_ on response0_.ResponseID=response0_1_.ResponseID left outer join customresponse response0_2_ on response0_.ResponseID=response0_2_.ResponseID WHERE response0_.ResponseID=? for update
18:40:55.628 [11] DEBUG NHibernate.Loader.Entity.AbstractEntityLoader - Static select for entity edu.uwec.cs.cs355.group4.et.core.PhoneNumberType: SELECT phonenumbe0_.PhoneNumberTypeID as PhoneNum1_14_0_, phonenumbe0_.PhoneNumberTypeName as PhoneNum2_14_0_ FROM phonenumbertype phonenumbe0_ WHERE phonenumbe0_.PhoneNumberTypeID=?
18:40:55.628 [11] DEBUG NHibernate.Loader.Entity.AbstractEntityLoader - Static select for entity edu.uwec.cs.cs355.group4.et.core.PhoneNumberType: SELECT phonenumbe0_.PhoneNumberTypeID as PhoneNum1_14_0_, phonenumbe0_.PhoneNumberTypeName as PhoneNum2_14_0_ FROM phonenumbertype phonenumbe0_ WHERE phonenumbe0_.PhoneNumberTypeID=?
18:40:55.628 [11] DEBUG NHibernate.SqlCommand.SqlSelectBuilder - The initial capacity was set too low at: 8 for the SelectSqlBuilder that needed a capacity of: 9 for the table phonenumbertype phonenumbe0_
18:40:55.628 [11] DEBUG NHibernate.Loader.Entity.AbstractEntityLoader - Static select for entity edu.uwec.cs.cs355.group4.et.core.PhoneNumberType: SELECT phonenumbe0_.PhoneNumberTypeID as PhoneNum1_14_0_, phonenumbe0_.PhoneNumberTypeName as PhoneNum2_14_0_ FROM phonenumbertype phonenumbe0_ WHERE phonenumbe0_.PhoneNumberTypeID=? for update
18:40:55.628 [11] DEBUG NHibernate.SqlCommand.SqlSelectBuilder - The initial capacity was set too low at: 8 for the SelectSqlBuilder that needed a capacity of: 9 for the table phonenumbertype phonenumbe0_
18:40:55.628 [11] DEBUG NHibernate.Loader.Entity.AbstractEntityLoader - Static select for entity edu.uwec.cs.cs355.group4.et.core.PhoneNumberType: SELECT phonenumbe0_.PhoneNumberTypeID as PhoneNum1_14_0_, phonenumbe0_.PhoneNumberTypeName as PhoneNum2_14_0_ FROM phonenumbertype phonenumbe0_ WHERE phonenumbe0_.PhoneNumberTypeID=? for update
18:40:55.628 [11] DEBUG NHibernate.Loader.Entity.AbstractEntityLoader - Static select for entity edu.uwec.cs.cs355.group4.et.core.AttributeType: SELECT attributet0_.AttributeTypeID as Attribut1_1_0_, attributet0_.AttributeTypeName as Attribut2_1_0_ FROM attributetype attributet0_ WHERE attributet0_.AttributeTypeID=?
18:40:55.628 [11] DEBUG NHibernate.Loader.Entity.AbstractEntityLoader - Static select for entity edu.uwec.cs.cs355.group4.et.core.AttributeType: SELECT attributet0_.AttributeTypeID as Attribut1_1_0_, attributet0_.AttributeTypeName as Attribut2_1_0_ FROM attributetype attributet0_ WHERE attributet0_.AttributeTypeID=?
18:40:55.628 [11] DEBUG NHibernate.SqlCommand.SqlSelectBuilder - The initial capacity was set too low at: 8 for the SelectSqlBuilder that needed a capacity of: 9 for the table attributetype attributet0_
18:40:55.628 [11] DEBUG NHibernate.Loader.Entity.AbstractEntityLoader - Static select for entity edu.uwec.cs.cs355.group4.et.core.AttributeType: SELECT attributet0_.AttributeTypeID as Attribut1_1_0_, attributet0_.AttributeTypeName as Attribut2_1_0_ FROM attributetype attributet0_ WHERE attributet0_.AttributeTypeID=? for update
18:40:55.628 [11] DEBUG NHibernate.SqlCommand.SqlSelectBuilder - The initial capacity was set too low at: 8 for the SelectSqlBuilder that needed a capacity of: 9 for the table attributetype attributet0_
18:40:55.628 [11] DEBUG NHibernate.Loader.Entity.AbstractEntityLoader - Static select for entity edu.uwec.cs.cs355.group4.et.core.AttributeType: SELECT attributet0_.AttributeTypeID as Attribut1_1_0_, attributet0_.AttributeTypeName as Attribut2_1_0_ FROM attributetype attributet0_ WHERE attributet0_.AttributeTypeID=? for update
18:40:55.628 [11] DEBUG NHibernate.Loader.Entity.AbstractEntityLoader - Static select for entity edu.uwec.cs.cs355.group4.et.core.CountyPhoneNumber: SELECT countyphon0_.CountyPhoneNumberID as CountyPh1_8_0_, countyphon0_.CountyID as CountyID8_0_, countyphon0_.PhoneNumberTypeID as PhoneNum3_8_0_, countyphon0_.PhoneNumberAreaCode as PhoneNum4_8_0_, countyphon0_.PhoneNumberNumber as PhoneNum5_8_0_, countyphon0_.PhoneNumberExtension as PhoneNum6_8_0_ FROM countyphonenumber countyphon0_ WHERE countyphon0_.CountyPhoneNumberID=?
18:40:55.628 [11] DEBUG NHibernate.Loader.Entity.AbstractEntityLoader - Static select for entity edu.uwec.cs.cs355.group4.et.core.CountyPhoneNumber: SELECT countyphon0_.CountyPhoneNumberID as CountyPh1_8_0_, countyphon0_.CountyID as CountyID8_0_, countyphon0_.PhoneNumberTypeID as PhoneNum3_8_0_, countyphon0_.PhoneNumberAreaCode as PhoneNum4_8_0_, countyphon0_.PhoneNumberNumber as PhoneNum5_8_0_, countyphon0_.PhoneNumberExtension as PhoneNum6_8_0_ FROM countyphonenumber countyphon0_ WHERE countyphon0_.CountyPhoneNumberID=?
18:40:55.628 [11] DEBUG NHibernate.SqlCommand.SqlSelectBuilder - The initial capacity was set too low at: 8 for the SelectSqlBuilder that needed a capacity of: 9 for the table countyphonenumber countyphon0_
18:40:55.628 [11] DEBUG NHibernate.Loader.Entity.AbstractEntityLoader - Static select for entity edu.uwec.cs.cs355.group4.et.core.CountyPhoneNumber: SELECT countyphon0_.CountyPhoneNumberID as CountyPh1_8_0_, countyphon0_.CountyID as CountyID8_0_, countyphon0_.PhoneNumberTypeID as PhoneNum3_8_0_, countyphon0_.PhoneNumberAreaCode as PhoneNum4_8_0_, countyphon0_.PhoneNumberNumber as PhoneNum5_8_0_, countyphon0_.PhoneNumberExtension as PhoneNum6_8_0_ FROM countyphonenumber countyphon0_ WHERE countyphon0_.CountyPhoneNumberID=? for update
18:40:55.628 [11] DEBUG NHibernate.SqlCommand.SqlSelectBuilder - The initial capacity was set too low at: 8 for the SelectSqlBuilder that needed a capacity of: 9 for the table countyphonenumber countyphon0_
18:40:55.628 [11] DEBUG NHibernate.Loader.Entity.AbstractEntityLoader - Static select for entity edu.uwec.cs.cs355.group4.et.core.CountyPhoneNumber: SELECT countyphon0_.CountyPhoneNumberID as CountyPh1_8_0_, countyphon0_.CountyID as CountyID8_0_, countyphon0_.PhoneNumberTypeID as PhoneNum3_8_0_, countyphon0_.PhoneNumberAreaCode as PhoneNum4_8_0_, countyphon0_.PhoneNumberNumber as PhoneNum5_8_0_, countyphon0_.PhoneNumberExtension as PhoneNum6_8_0_ FROM countyphonenumber countyphon0_ WHERE countyphon0_.CountyPhoneNumberID=? for update
18:40:55.628 [11] DEBUG NHibernate.Loader.Entity.AbstractEntityLoader - Static select for entity edu.uwec.cs.cs355.group4.et.core.Contest: SELECT contest0_.ContestID as ContestID4_0_, contest0_.ContestName as ContestN2_4_0_, contest0_.ContestNotes as ContestN3_4_0_, contest0_.ContestTypeID as ContestT4_4_0_, contest0_.ContestIsActive as ContestI5_4_0_ FROM contest contest0_ WHERE contest0_.ContestID=?
18:40:55.628 [11] DEBUG NHibernate.Loader.Entity.AbstractEntityLoader - Static select for entity edu.uwec.cs.cs355.group4.et.core.Contest: SELECT contest0_.ContestID as ContestID4_0_, contest0_.ContestName as ContestN2_4_0_, contest0_.ContestNotes as ContestN3_4_0_, contest0_.ContestTypeID as ContestT4_4_0_, contest0_.ContestIsActive as ContestI5_4_0_ FROM contest contest0_ WHERE contest0_.ContestID=?
18:40:55.628 [11] DEBUG NHibernate.SqlCommand.SqlSelectBuilder - The initial capacity was set too low at: 8 for the SelectSqlBuilder that needed a capacity of: 9 for the table contest contest0_
18:40:55.628 [11] DEBUG NHibernate.Loader.Entity.AbstractEntityLoader - Static select for entity edu.uwec.cs.cs355.group4.et.core.Contest: SELECT contest0_.ContestID as ContestID4_0_, contest0_.ContestName as ContestN2_4_0_, contest0_.ContestNotes as ContestN3_4_0_, contest0_.ContestTypeID as ContestT4_4_0_, contest0_.ContestIsActive as ContestI5_4_0_ FROM contest contest0_ WHERE contest0_.ContestID=? for update
18:40:55.628 [11] DEBUG NHibernate.SqlCommand.SqlSelectBuilder - The initial capacity was set too low at: 8 for the SelectSqlBuilder that needed a capacity of: 9 for the table contest contest0_
18:40:55.628 [11] DEBUG NHibernate.Loader.Entity.AbstractEntityLoader - Static select for entity edu.uwec.cs.cs355.group4.et.core.Contest: SELECT contest0_.ContestID as ContestID4_0_, contest0_.ContestName as ContestN2_4_0_, contest0_.ContestNotes as ContestN3_4_0_, contest0_.ContestTypeID as ContestT4_4_0_, contest0_.ContestIsActive as ContestI5_4_0_ FROM contest contest0_ WHERE contest0_.ContestID=? for update
18:40:55.628 [11] DEBUG NHibernate.Loader.Entity.AbstractEntityLoader - Static select for entity edu.uwec.cs.cs355.group4.et.core.CountyWebsite: SELECT countywebs0_.CountyWebsiteID as CountyWe1_12_0_, countywebs0_.CountyWebsiteURL as CountyWe2_12_0_, countywebs0_.CountyID as CountyID12_0_ FROM countywebsite countywebs0_ WHERE countywebs0_.CountyWebsiteID=?
18:40:55.628 [11] DEBUG NHibernate.Loader.Entity.AbstractEntityLoader - Static select for entity edu.uwec.cs.cs355.group4.et.core.CountyWebsite: SELECT countywebs0_.CountyWebsiteID as CountyWe1_12_0_, countywebs0_.CountyWebsiteURL as CountyWe2_12_0_, countywebs0_.CountyID as CountyID12_0_ FROM countywebsite countywebs0_ WHERE countywebs0_.CountyWebsiteID=?
18:40:55.628 [11] DEBUG NHibernate.SqlCommand.SqlSelectBuilder - The initial capacity was set too low at: 8 for the SelectSqlBuilder that needed a capacity of: 9 for the table countywebsite countywebs0_
18:40:55.628 [11] DEBUG NHibernate.Loader.Entity.AbstractEntityLoader - Static select for entity edu.uwec.cs.cs355.group4.et.core.CountyWebsite: SELECT countywebs0_.CountyWebsiteID as CountyWe1_12_0_, countywebs0_.CountyWebsiteURL as CountyWe2_12_0_, countywebs0_.CountyID as CountyID12_0_ FROM countywebsite countywebs0_ WHERE countywebs0_.CountyWebsiteID=? for update
18:40:55.628 [11] DEBUG NHibernate.SqlCommand.SqlSelectBuilder - The initial capacity was set too low at: 8 for the SelectSqlBuilder that needed a capacity of: 9 for the table countywebsite countywebs0_
18:40:55.628 [11] DEBUG NHibernate.Loader.Entity.AbstractEntityLoader - Static select for entity edu.uwec.cs.cs355.group4.et.core.CountyWebsite: SELECT countywebs0_.CountyWebsiteID as CountyWe1_12_0_, countywebs0_.CountyWebsiteURL as CountyWe2_12_0_, countywebs0_.CountyID as CountyID12_0_ FROM countywebsite countywebs0_ WHERE countywebs0_.CountyWebsiteID=? for update
18:40:55.644 [11] DEBUG NHibernate.Loader.Collection.OneToManyLoader - Static select for one-to-many edu.uwec.cs.cs355.group4.et.core.County.Websites: SELECT websites0_.CountyID as CountyID__1_, websites0_.CountyWebsiteID as CountyWe1_1_, websites0_.CountyWebsiteID as CountyWe1_12_0_, websites0_.CountyWebsiteURL as CountyWe2_12_0_, websites0_.CountyID as CountyID12_0_ FROM countywebsite websites0_ WHERE websites0_.CountyID=?
18:40:55.644 [11] DEBUG NHibernate.Loader.Collection.OneToManyLoader - Static select for one-to-many edu.uwec.cs.cs355.group4.et.core.County.PhoneNumbers: SELECT phonenumbe0_.CountyID as CountyID__1_, phonenumbe0_.CountyPhoneNumberID as CountyPh1_1_, phonenumbe0_.CountyPhoneNumberID as CountyPh1_8_0_, phonenumbe0_.CountyID as CountyID8_0_, phonenumbe0_.PhoneNumberTypeID as PhoneNum3_8_0_, phonenumbe0_.PhoneNumberAreaCode as PhoneNum4_8_0_, phonenumbe0_.PhoneNumberNumber as PhoneNum5_8_0_, phonenumbe0_.PhoneNumberExtension as PhoneNum6_8_0_ FROM countyphonenumber phonenumbe0_ WHERE phonenumbe0_.CountyID=?
18:40:55.644 [11] DEBUG NHibernate.Loader.Collection.OneToManyLoader - Static select for one-to-many edu.uwec.cs.cs355.group4.et.core.ElectionContest.Responses: SELECT responses0_.ElectionContestID as Election2___1_, responses0_.ResponseID as ResponseID1_, responses0_.ResponseID as ResponseID9_0_, responses0_.ElectionContestID as Election2_9_0_, responses0_1_.CandidateID as Candidat2_10_0_, responses0_2_.ResponseName as Response2_11_0_, case when responses0_1_.ResponseID is not null then 1 when responses0_2_.ResponseID is not null then 2 when responses0_.ResponseID is not null then 0 end as clazz_0_ FROM response responses0_ left outer join CandidateResponse responses0_1_ on responses0_.ResponseID=responses0_1_.ResponseID left outer join customresponse responses0_2_ on responses0_.ResponseID=responses0_2_.ResponseID WHERE responses0_.ElectionContestID=?
18:40:55.644 [11] DEBUG NHibernate.Loader.Collection.OneToManyLoader - Static select for one-to-many edu.uwec.cs.cs355.group4.et.core.Election.ElectionContests: SELECT electionco0_.ElectionID as ElectionID__1_, electionco0_.ElectionContestID as Election1_1_, electionco0_.ElectionContestID as Election1_15_0_, electionco0_.ElectionID as ElectionID15_0_, electionco0_.ContestID as ContestID15_0_ FROM electioncontest electionco0_ WHERE electionco0_.ElectionID=?
18:40:55.644 [11] DEBUG NHibernate.Loader.Collection.OneToManyLoader - Static select for one-to-many edu.uwec.cs.cs355.group4.et.core.ElectionContest.Counties: SELECT counties0_.ElectionContestID as Election5___1_, counties0_.ContestCountyID as ContestC1_1_, counties0_.ContestCountyID as ContestC1_3_0_, counties0_.WardsReporting as WardsRep2_3_0_, counties0_.WardCount as WardCount3_0_, counties0_.CountyID as CountyID3_0_, counties0_.ElectionContestID as Election5_3_0_ FROM contestcounty counties0_ WHERE counties0_.ElectionContestID=?
18:40:55.644 [11] DEBUG NHibernate.Loader.Collection.OneToManyLoader - Static select for one-to-many edu.uwec.cs.cs355.group4.et.core.County.Attributes: SELECT attributes0_.CountyID as CountyID__1_, attributes0_.CountyAttributeID as CountyAt1_1_, attributes0_.CountyAttributeID as CountyAt1_13_0_, attributes0_.CountyAttributeValue as CountyAt2_13_0_, attributes0_.AttributeTypeID as Attribut3_13_0_, attributes0_.CountyID as CountyID13_0_ FROM countyattribute attributes0_ WHERE attributes0_.CountyID=?
18:40:55.644 [11] DEBUG NHibernate.Impl.SessionFactoryImpl - Instantiated session factory
18:40:55.660 [11] DEBUG NHibernate.Impl.SessionImpl - opened session
18:40:55.675 [11] DEBUG NHibernate.Impl.SessionImpl - opened session
18:40:55.675 [11] DEBUG NHibernate.Impl.SessionImpl - opened session
18:40:55.675 [11] DEBUG NHibernate.Impl.SessionImpl - opened session
18:40:55.675 [11] DEBUG NHibernate.Impl.SessionImpl - opened session
18:40:56.050 [11] DEBUG NHibernate.SqlCommand.SqlSelectBuilder - The initial capacity was set too low at: 8 for the SelectSqlBuilder that needed a capacity of: 10 for the table election this_
18:40:56.050 [11] DEBUG NHibernate.Impl.SessionImpl - flushing session
18:40:56.050 [11] DEBUG NHibernate.Impl.SessionImpl - Flushing entities and processing referenced collections
18:40:56.066 [11] DEBUG NHibernate.Impl.SessionImpl - Processing unreferenced collections
18:40:56.066 [11] DEBUG NHibernate.Impl.SessionImpl - scheduling collection removes/(re)creates/updates
18:40:56.066 [11] DEBUG NHibernate.Impl.SessionImpl - Flushed: 0 insertions, 0 updates, 0 deletions to 0 objects
18:40:56.066 [11] DEBUG NHibernate.Impl.SessionImpl - Flushed: 0 (re)creations, 0 updates, 0 removals to 0 collections
18:40:56.066 [11] DEBUG NHibernate.Impl.SessionImpl - dont need to execute flush
18:40:56.175 [11] DEBUG NHibernate.Impl.BatcherImpl - Opened new IDbCommand, open IDbCommands: 1
18:40:56.175 [11] DEBUG NHibernate.Impl.BatcherImpl - Building an IDbCommand object for the SqlString: SELECT this_.ElectionID as ElectionID2_0_, this_.ElectionDate as Election2_2_0_, this_.ElectionNotes as Election3_2_0_, this_.ElectionIsActive as Election4_2_0_ FROM election this_ WHERE this_.ElectionIsActive = ? ORDER BY this_.ElectionDate desc
18:40:56.191 [11] DEBUG NHibernate.Type.BooleanType - binding 'True' to parameter: 0
18:40:56.191 [11] INFO  NHibernate.Loader.Loader - SELECT this_.ElectionID as ElectionID2_0_, this_.ElectionDate as Election2_2_0_, this_.ElectionNotes as Election3_2_0_, this_.ElectionIsActive as Election4_2_0_ FROM election this_ WHERE this_.ElectionIsActive = ?p0 ORDER BY this_.ElectionDate desc
18:40:56.206 [11] DEBUG NHibernate.SQL - SELECT this_.ElectionID as ElectionID2_0_, this_.ElectionDate as Election2_2_0_, this_.ElectionNotes as Election3_2_0_, this_.ElectionIsActive as Election4_2_0_ FROM election this_ WHERE this_.ElectionIsActive = ?p0 ORDER BY this_.ElectionDate desc; ?p0 = 'True'
18:40:56.206 [11] DEBUG NHibernate.Connection.DriverConnectionProvider - Obtaining IDbConnection from Driver
18:41:12.066 [11] DEBUG NHibernate.Util.ADOExceptionReporter - SQL Exception
NHibernate.ADOException: cannot open connection ---> MySql.Data.MySqlClient.MySqlException: Unable to connect to any of the specified MySQL hosts. ---> System.Exception: Exception of type 'System.Exception' was thrown.
   at MySql.Data.MySqlClient.NativeDriver.Open()
   --- End of inner exception stack trace ---
   at MySql.Data.MySqlClient.NativeDriver.Open()
   at MySql.Data.MySqlClient.Driver.Create(MySqlConnectionStringBuilder settings)
   at MySql.Data.MySqlClient.MySqlPool.CreateNewPooledConnection()
   at MySql.Data.MySqlClient.MySqlPool.GetPooledConnection()
   at MySql.Data.MySqlClient.MySqlPool.GetConnection()
   at MySql.Data.MySqlClient.MySqlConnection.Open()
   at NHibernate.Connection.DriverConnectionProvider.GetConnection()
   at NHibernate.Impl.SessionFactoryImpl.OpenConnection()
   --- End of inner exception stack trace ---
   at NHibernate.Impl.SessionFactoryImpl.OpenConnection()
   at NHibernate.Impl.ConnectionManager.Connect()
   at NHibernate.Impl.ConnectionManager.GetConnection()
   at NHibernate.Impl.BatcherImpl.Prepare(IDbCommand cmd)
   at NHibernate.Impl.BatcherImpl.ExecuteReader(IDbCommand cmd)
   at NHibernate.Loader.Loader.GetResultSet(IDbCommand st, RowSelection selection, ISessionImplementor session)
18:41:12.113 [11] WARN  NHibernate.Util.ADOExceptionReporter - NHibernate.ADOException: cannot open connection ---> MySql.Data.MySqlClient.MySqlException: Unable to connect to any of the specified MySQL hosts. ---> System.Exception: Exception of type 'System.Exception' was thrown.
   at MySql.Data.MySqlClient.NativeDriver.Open()
   --- End of inner exception stack trace ---
   at MySql.Data.MySqlClient.NativeDriver.Open()
   at MySql.Data.MySqlClient.Driver.Create(MySqlConnectionStringBuilder settings)
   at MySql.Data.MySqlClient.MySqlPool.CreateNewPooledConnection()
   at MySql.Data.MySqlClient.MySqlPool.GetPooledConnection()
   at MySql.Data.MySqlClient.MySqlPool.GetConnection()
   at MySql.Data.MySqlClient.MySqlConnection.Open()
   at NHibernate.Connection.DriverConnectionProvider.GetConnection()
   at NHibernate.Impl.SessionFactoryImpl.OpenConnection()
   --- End of inner exception stack trace ---
   at NHibernate.Impl.SessionFactoryImpl.OpenConnection()
   at NHibernate.Impl.ConnectionManager.Connect()
   at NHibernate.Impl.ConnectionManager.GetConnection()
   at NHibernate.Impl.BatcherImpl.Prepare(IDbCommand cmd)
   at NHibernate.Impl.BatcherImpl.ExecuteReader(IDbCommand cmd)
   at NHibernate.Loader.Loader.GetResultSet(IDbCommand st, RowSelection selection, ISessionImplementor session)
18:41:12.113 [11] ERROR NHibernate.Util.ADOExceptionReporter - cannot open connection
18:41:12.113 [11] WARN  NHibernate.Util.ADOExceptionReporter - MySql.Data.MySqlClient.MySqlException: Unable to connect to any of the specified MySQL hosts. ---> System.Exception: Exception of type 'System.Exception' was thrown.
   at MySql.Data.MySqlClient.NativeDriver.Open()
   --- End of inner exception stack trace ---
   at MySql.Data.MySqlClient.NativeDriver.Open()
   at MySql.Data.MySqlClient.Driver.Create(MySqlConnectionStringBuilder settings)
   at MySql.Data.MySqlClient.MySqlPool.CreateNewPooledConnection()
   at MySql.Data.MySqlClient.MySqlPool.GetPooledConnection()
   at MySql.Data.MySqlClient.MySqlPool.GetConnection()
   at MySql.Data.MySqlClient.MySqlConnection.Open()
   at NHibernate.Connection.DriverConnectionProvider.GetConnection()
   at NHibernate.Impl.SessionFactoryImpl.OpenConnection()
18:41:12.113 [11] ERROR NHibernate.Util.ADOExceptionReporter - Unable to connect to any of the specified MySQL hosts.
18:41:12.113 [11] WARN  NHibernate.Util.ADOExceptionReporter - System.Exception: Exception of type 'System.Exception' was thrown.
   at MySql.Data.MySqlClient.NativeDriver.Open()
18:41:12.113 [11] ERROR NHibernate.Util.ADOExceptionReporter - Exception of type 'System.Exception' was thrown.
18:41:12.113 [11] DEBUG NHibernate.Impl.BatcherImpl - Closed IDbCommand, open IDbCommands: 0
18:41:12.113 [11] DEBUG NHibernate.Impl.ConnectionManager - aggressively releasing database connection
18:41:12.176 [11] DEBUG NHibernate.Impl.ConnectionManager - after autocommit
18:41:12.176 [11] DEBUG NHibernate.Impl.ConnectionManager - aggressively releasing database connection
18:41:12.176 [11] DEBUG NHibernate.Impl.SessionImpl - transaction completion
18:41:12.285 [11] INFO  NHibernate.Impl.SessionFactoryImpl - Closing
18:41:12.285 [11] DEBUG NHibernate.Connection.ConnectionProvider - Disposing of ConnectionProvider.
